Incoming request: []
User message: test
Incoming request: {"message":"test"}
Incoming request: null
Incoming request: {"message":"test"}
Incoming request: {"message":"test"}
Incoming request: 
Incoming request: 
Incoming request: {"message":"test"}
Incoming request: 
Incoming request: 
Incoming request: 
Incoming request: 
Incoming request: {"message":"test"}
Incoming request: {"message":"tset"}
Incoming request: {"message":"test"}
Incoming request: 
Incoming request: 
Incoming request: 
Incoming request: 
Incoming request: {"message":"test"}
